c:\users\tksth\desktop\3학년\2학기\게임서버실습\기말과제\server\server\x64\debug\vc143.pdb
c:\users\tksth\desktop\3학년\2학기\게임서버실습\기말과제\server\server\x64\debug\vc143.idb
c:\users\tksth\desktop\3학년\2학기\게임서버실습\기말과제\server\server\x64\debug\multithreadtcpserver.obj
c:\users\tksth\desktop\3학년\2학기\게임서버실습\기말과제\server\server\x64\debug\tcpserver_packet.obj
c:\users\tksth\desktop\3학년\2학기\게임서버실습\배선우_기말과제\server\server\x64\debug\vc143.pdb
c:\users\tksth\desktop\3학년\2학기\게임서버실습\배선우_기말과제\server\server\x64\debug\vc143.idb
c:\users\tksth\desktop\3학년\2학기\게임서버실습\배선우_기말과제\server\server\x64\debug\multithreadtcpserver.obj
c:\users\tksth\desktop\3학년\2학기\게임서버실습\기말과제\server\x64\debug\server.exe
c:\users\tksth\desktop\3학년\2학기\게임서버실습\기말과제\server\server\x64\debug\server.ilk
c:\users\tksth\desktop\3학년\2학기\게임서버실습\기말과제\server\x64\debug\server.pdb
c:\users\tksth\desktop\3학년\2학기\게임서버실습\배선우_기말과제\server\x64\debug\server.exe
c:\users\tksth\desktop\3학년\2학기\게임서버실습\배선우_기말과제\server\server\x64\debug\server.ilk
c:\users\tksth\desktop\3학년\2학기\게임서버실습\배선우_기말과제\server\x64\debug\server.pdb
c:\users\tksth\desktop\3학년\2학기\게임서버실습\배선우_기말과제\server\server\x64\debug\tcpserver_packet.obj
c:\users\tksth\desktop\3학년\2학기\게임서버실습\배선우_기말과제\server\server\x64\debug\server.tlog\cl.command.1.tlog
c:\users\tksth\desktop\3학년\2학기\게임서버실습\배선우_기말과제\server\server\x64\debug\server.tlog\cl.read.1.tlog
c:\users\tksth\desktop\3학년\2학기\게임서버실습\배선우_기말과제\server\server\x64\debug\server.tlog\cl.write.1.tlog
c:\users\tksth\desktop\3학년\2학기\게임서버실습\배선우_기말과제\server\server\x64\debug\server.tlog\link.command.1.tlog
c:\users\tksth\desktop\3학년\2학기\게임서버실습\배선우_기말과제\server\server\x64\debug\server.tlog\link.read.1.tlog
c:\users\tksth\desktop\3학년\2학기\게임서버실습\배선우_기말과제\server\server\x64\debug\server.tlog\link.write.1.tlog
